<?xml version="1.0" encoding="UTF-8"?>
<!-- Generated by org.testng.reporters.JUnitReportReporter -->
<testsuite hostname="Nickelfox" failures="0" tests="1" name="com.nickelfox.testcases.Career_Page_Test" time="98.396" errors="0" timestamp="2025-01-13T13:29:51 IST" skipped="0">
  <testcase classname="com.nickelfox.testcases.Career_Page_Test" name="Test_Career_Form" time="98.396"/>
</testsuite> <!-- com.nickelfox.testcases.Career_Page_Test -->
