<?xml version="1.0" encoding="UTF-8"?>
<!-- Generated by org.testng.reporters.JUnitReportReporter -->
<testsuite hostname="Nickelfox" failures="0" tests="2" name="com.agalia.testcases.deviceManager_Module" time="70.901" errors="0" timestamp="2024-05-29T18:10:48 IST" skipped="1">
  <testcase classname="com.agalia.testcases.deviceManager_Module" name="userHandlesearchField" time="70.901">
    <system-out>
      <![CDATA[User click on the search icon
User enter device location in a search field
click on the cross button in a search field
User click on the kebab Menu
User click on the edit device button from kebab menu
User change the device location
User click on the save option
User click on the kebab Menu
User click on the pin before change the pin
User click on the kebab Menu
User click on the pin after change the pin
User click on the confirm button ]]>
    </system-out>
  </testcase> <!-- userHandlesearchField -->
  <testcase classname="com.agalia.testcases.deviceManager_Module" name="userAddDeviceLocation">
    <skipped/>
  </testcase> <!-- userAddDeviceLocation -->
  <system-out>
    <![CDATA[user navigate to the application
user navigate to the application
user navigate to the application
user navigate to the application
user navigate to the application
user navigate to the application
Validation message is verified
user navigate to the application
user navigate to the application
user navigate to the application
Validation message is verified
user navigate to the application
user navigate to the application
Handle error in First name
Handle error in Last name
Handle error in email id field
Handle error in email id field - for invalid email id
Handle error in date of birth field
Handle error in phone number field
Handle error in gender field
Handle error in street line 1 field
Handle error in city field
Handle error in state field
Handle error in country field
Handle error in country field
Handle error in email id field - for invalid email id
Handle error in date of joining field
Handle error in job category field
Handle error in job title field
Handle error in job title field
user enter his first name
user enter his last name
user enter email id
user enter date of birth
user enter phone number
user select gender from gender dropdown
user enter address in street line 1
user enter address in street line 2
user enter city
user selects his/her country
user enter zipcode
user select country 
user enter joining date 
user select job category
user select job title
user select overtime category
user select department like ortho
user enter monthly rate
user select his/her marital status
user enter previous jobs his done
user selects depends on his/her in a family
user enter income
user enter deduction from his salary 
user enter his/her overall propperty to have with him
user navigate to the application
User click on the search icon
User enter device location in a search field
click on the cross button in a search field
User click on the kebab Menu
User click on the edit device button from kebab menu
User change the device location
User click on the save option
User click on the kebab Menu
User click on the pin before change the pin
User click on the kebab Menu
User click on the pin after change the pin
User click on the confirm button 
user navigate to the application
Validation message is verified
Validation message is verified
user navigate to the application
user navigate to the application]]>
  </system-out>
</testsuite> <!-- com.agalia.testcases.deviceManager_Module -->
