<?xml version="1.0" encoding="UTF-8"?>
<!-- Generated by org.testng.reporters.JUnitReportReporter -->
<testsuite hostname="Nickelfox" failures="0" tests="1" name="com.nickelfox.testcases.ServiceITSrvcItConsulting_Test_case" time="55.879" errors="0" timestamp="2025-01-06T17:37:44 IST" skipped="0">
  <testcase classname="com.nickelfox.testcases.ServiceITSrvcItConsulting_Test_case" name="VerfySvcItSvcItConsultingTalkToExpert" time="55.879"/>
</testsuite> <!-- com.nickelfox.testcases.ServiceITSrvcItConsulting_Test_case -->
