<?xml version="1.0" encoding="UTF-8"?>
<!-- Generated by org.testng.reporters.JUnitReportReporter -->
<testsuite hostname="LAPTOP-1RAUBL1O" failures="0" tests="1" name="testClass.agaliaPriorityModules" time="38.039" errors="0" timestamp="2024-05-18T10:04:54 IST" skipped="0">
  <testcase classname="testClass.agaliaPriorityModules" name="logInFunctionalityOfAgalia" time="38.039"/>
  <system-out/>
</testsuite> <!-- testClass.agaliaPriorityModules -->
