<?xml version="1.0" encoding="UTF-8"?>
<!-- Generated by org.testng.reporters.JUnitReportReporter -->
<testsuite hostname="Nickelfox" failures="0" tests="1" name="com.nickelfox.testcases.Industries_Page_Test" time="99.421" errors="0" timestamp="2025-01-09T15:08:48 IST" skipped="0">
  <testcase classname="com.nickelfox.testcases.Industries_Page_Test" name="go_contact_page" time="99.421"/>
</testsuite> <!-- com.nickelfox.testcases.Industries_Page_Test -->
