<?xml version="1.0" encoding="UTF-8"?>
<!-- Generated by org.testng.reporters.JUnitReportReporter -->
<testsuite hostname="Nickelfox" failures="0" tests="1" name="com.nickelfox.testcases.Contact_Page_Test" time="63.522" errors="0" timestamp="2025-01-07T18:16:34 IST" skipped="0">
  <testcase classname="com.nickelfox.testcases.Contact_Page_Test" name="go_contact_page" time="63.522"/>
</testsuite> <!-- com.nickelfox.testcases.Contact_Page_Test -->
