<?xml version="1.0" encoding="UTF-8"?>
<!-- Generated by org.testng.reporters.JUnitReportReporter -->
<testsuite hostname="LAPTOP-9TVCTA2I" failures="0" tests="1" name="com.nickelfox.testcases.Industries_Page_Test" time="77.229" errors="0" timestamp="2025-01-13T15:41:36 IST" skipped="0">
  <testcase classname="com.nickelfox.testcases.Industries_Page_Test" name="go_contact_page" time="77.229"/>
  <system-out/>
</testsuite> <!-- com.nickelfox.testcases.Industries_Page_Test -->
