<?xml version="1.0" encoding="UTF-8"?>
<!-- Generated by org.testng.reporters.JUnitReportReporter -->
<testsuite hostname="LAPTOP-9TVCTA2I" failures="0" tests="1" name="com.nickelfox.testcases.About_Test_case" time="74.947" errors="0" timestamp="2025-01-13T15:41:36 IST" skipped="0">
  <testcase classname="com.nickelfox.testcases.About_Test_case" name="verifyContactFormSubmissionAboutPage" time="74.947"/>
  <system-out/>
</testsuite> <!-- com.nickelfox.testcases.About_Test_case -->
