<?xml version="1.0" encoding="UTF-8"?>
<!-- Generated by org.testng.reporters.JUnitReportReporter -->
<testsuite hostname="LAPTOP-9TVCTA2I" failures="0" tests="1" name="com.nickelfox.testcases.Contact_With_Us_Page_Test" time="61.648" errors="0" timestamp="2025-01-13T15:41:36 IST" skipped="0">
  <testcase classname="com.nickelfox.testcases.Contact_With_Us_Page_Test" name="verifyContactFormSubmission" time="61.648"/>
  <system-out/>
</testsuite> <!-- com.nickelfox.testcases.Contact_With_Us_Page_Test -->
